#
# There is insufficient memory for the Java Runtime Environment to continue.
# Native memory allocation (mmap) failed to map 71303168 bytes for G1 virtual space
# Possible reasons:
#   The system is out of physical RAM or swap space
#   The process is running with CompressedOops enabled, and the Java Heap may be blocking the growth of the native heap
# Possible solutions:
#   Reduce memory load on the system
#   Increase physical memory or swap space
#   Check if swap backing store is full
#   Decrease Java heap size (-Xmx/-Xms)
#   Decrease number of Java threads
#   Decrease Java thread stack sizes (-Xss)
#   Set larger code cache with -XX:ReservedCodeCacheSize=
#   JVM is running with Unscaled Compressed Oops mode in which the Java heap is
#     placed in the first 4GB address space. The Java Heap base address is the
#     maximum limit for the native heap growth. Please use -XX:HeapBaseMinAddress
#     to set the Java Heap base and to place the Java Heap above 4GB virtual address.
# This output file may be truncated or incomplete.
#
#  Out of Memory Error (os_windows.cpp:3550), pid=14452, tid=1588
#
# JRE version: Java(TM) SE Runtime Environment (17.0.8+9) (build 17.0.8+9-LTS-211)
# Java VM: Java HotSpot(TM) 64-Bit Server VM (17.0.8+9-LTS-211, mixed mode, sharing, tiered, compressed oops, compressed class ptrs, g1 gc, windows-amd64)
# No core dump will be written. Minidumps are not enabled by default on client versions of Windows
#

---------------  S U M M A R Y ------------

Command Line: -XX:MaxMetaspaceSize=512m --add-opens=java.base/java.util=ALL-UNNAMED --add-opens=java.base/java.lang=ALL-UNNAMED --add-opens=java.base/java.lang.invoke=ALL-UNNAMED --add-opens=java.prefs/java.util.prefs=ALL-UNNAMED --add-opens=java.base/java.nio.charset=ALL-UNNAMED --add-opens=java.base/java.net=ALL-UNNAMED --add-opens=java.base/java.util.concurrent.atomic=ALL-UNNAMED -Xmx2048m -Dfile.encoding=x-windows-949 -Duser.country=KR -Duser.language=ko -Duser.variant org.gradle.launcher.daemon.bootstrap.GradleDaemon 8.0.1

Host: Intel(R) Core(TM) i3-6100 CPU @ 3.70GHz, 4 cores, 7G,  Windows 10 , 64 bit Build 19041 (10.0.19041.3570)
Time: Thu Nov 16 16:42:45 2023  Windows 10 , 64 bit Build 19041 (10.0.19041.3570) elapsed time: 87.145446 seconds (0d 0h 1m 27s)

---------------  T H R E A D  ---------------

Current thread (0x000001fd1f09eac0):  VMThread "VM Thread" [stack: 0x000000a793900000,0x000000a793a00000] [id=1588]

Stack: [0x000000a793900000,0x000000a793a00000]
Native frames: (J=compiled Java code, j=interpreted, Vv=VM code, C=native code)
V  [jvm.dll+0x677d0a]
V  [jvm.dll+0x7d8c54]
V  [jvm.dll+0x7da3fe]
V  [jvm.dll+0x7daa63]
V  [jvm.dll+0x245c5f]
V  [jvm.dll+0x674bb9]
V  [jvm.dll+0x6694f2]
V  [jvm.dll+0x3031d6]
V  [jvm.dll+0x30a756]
V  [jvm.dll+0x359f9e]
V  [jvm.dll+0x35a1cf]
V  [jvm.dll+0x2da3e8]
V  [jvm.dll+0x2dd486]
V  [jvm.dll+0x2e7c88]
V  [jvm.dll+0x31b6e0]
V  [jvm.dll+0x7df26b]
V  [jvm.dll+0x7dffa4]
V  [jvm.dll+0x7e04bd]
V  [jvm.dll+0x7e0894]
V  [jvm.dll+0x7e0960]
V  [jvm.dll+0x788bba]
V  [jvm.dll+0x676b35]
C  [ucrtbase.dll+0x21bb2]
C  [KERNEL32.DLL+0x17344]
C  [ntdll.dll+0x526b1]

VM_Operation (0x000000a7935ff4b0): G1Concurrent, mode: safepoint, requested by thread 0x000001fd7fbafc50


---------------  P R O C E S S  ---------------

Threads class SMR info:
_java_thread_list=0x000001fd43adbb40, length=87, elements={
0x000001fd7f68d3b0, 0x000001fd1f0a3710, 0x000001fd1f0a4580, 0x000001fd1f0be9a0,
0x000001fd1f0c0560, 0x000001fd1f0c2520, 0x000001fd1f0c4ee0, 0x000001fd1f0c5bc0,
0x000001fd1f131490, 0x000001fd1f134240, 0x000001fd1f29af30, 0x000001fd1f29d410,
0x000001fd3fd07890, 0x000001fd3f1ea310, 0x000001fd3f1e7dd0, 0x000001fd1fdd3820,
0x000001fd3f234430, 0x000001fd3f8c26d0, 0x000001fd40728300, 0x000001fd40728f70,
0x000001fd3f8c1560, 0x000001fd3f8c1a30, 0x000001fd3f8c0220, 0x000001fd3f8c1090,
0x000001fd40ab1760, 0x000001fd40ab3de0, 0x000001fd40aaff50, 0x000001fd40aaec10,
0x000001fd40ab1290, 0x000001fd40aaf5b0, 0x000001fd40aafa80, 0x000001fd40aaf0e0,
0x000001fd40ab0420, 0x000001fd40ab4c50, 0x000001fd40ab0dc0, 0x000001fd40ab2100,
0x000001fd40ab5120, 0x000001fd40ab25d0, 0x000001fd40ab2f70, 0x000001fd40aad8d0,
0x000001fd40ab42b0, 0x000001fd40ab3440, 0x000001fd40ab4780, 0x000001fd40aadda0,
0x000001fd40aae270, 0x000001fd43191790, 0x000001fd4318ff80, 0x000001fd43190920,
0x000001fd43190df0, 0x000001fd43190450, 0x000001fd43195150, 0x000001fd431912c0,
0x000001fd43192600, 0x000001fd4318f5e0, 0x000001fd43193e10, 0x000001fd431947b0,
0x000001fd431942e0, 0x000001fd43191c60, 0x000001fd43194c80, 0x000001fd43192ad0,
0x000001fd43192130, 0x000001fd4318fab0, 0x000001fd43195620, 0x000001fd43195af0,
0x000001fd43192fa0, 0x000001fd43193470, 0x000001fd43195fc0, 0x000001fd4318f110,
0x000001fd4306efd0, 0x000001fd4306e160, 0x000001fd4306b610, 0x000001fd4306bae0,
0x000001fd4306bfb0, 0x000001fd4306d2f0, 0x000001fd4306c480, 0x000001fd4306c950,
0x000001fd4306ce20, 0x000001fd4306d7c0, 0x000001fd409168f0, 0x000001fd40917c30,
0x000001fd4091c930, 0x000001fd4091c460, 0x000001fd4091d7a0, 0x000001fd40916420,
0x000001fd40918100, 0x000001fd40916dc0, 0x000001fd40915f50
}

Java Threads: ( => current thread )
  0x000001fd7f68d3b0 JavaThread "main" [_thread_blocked, id=2936, stack(0x000000a793300000,0x000000a793400000)]
  0x000001fd1f0a3710 JavaThread "Reference Handler" daemon [_thread_blocked, id=3500, stack(0x000000a793a00000,0x000000a793b00000)]
  0x000001fd1f0a4580 JavaThread "Finalizer" daemon [_thread_blocked, id=13904, stack(0x000000a793b00000,0x000000a793c00000)]
  0x000001fd1f0be9a0 JavaThread "Signal Dispatcher" daemon [_thread_blocked, id=1456, stack(0x000000a793c00000,0x000000a793d00000)]
  0x000001fd1f0c0560 JavaThread "Attach Listener" daemon [_thread_blocked, id=6064, stack(0x000000a793d00000,0x000000a793e00000)]
  0x000001fd1f0c2520 JavaThread "Service Thread" daemon [_thread_blocked, id=10352, stack(0x000000a793e00000,0x000000a793f00000)]
  0x000001fd1f0c4ee0 JavaThread "Monitor Deflation Thread" daemon [_thread_blocked, id=14096, stack(0x000000a793f00000,0x000000a794000000)]
  0x000001fd1f0c5bc0 JavaThread "C2 CompilerThread0" daemon [_thread_blocked, id=1132, stack(0x000000a794000000,0x000000a794100000)]
  0x000001fd1f131490 JavaThread "C1 CompilerThread0" daemon [_thread_blocked, id=9316, stack(0x000000a794100000,0x000000a794200000)]
  0x000001fd1f134240 JavaThread "Sweeper thread" daemon [_thread_blocked, id=920, stack(0x000000a794200000,0x000000a794300000)]
  0x000001fd1f29af30 JavaThread "Common-Cleaner" daemon [_thread_blocked, id=10412, stack(0x000000a794300000,0x000000a794400000)]
  0x000001fd1f29d410 JavaThread "Notification Thread" daemon [_thread_blocked, id=9476, stack(0x000000a794400000,0x000000a794500000)]
  0x000001fd3fd07890 JavaThread "Daemon health stats" [_thread_blocked, id=10180, stack(0x000000a794800000,0x000000a794900000)]
  0x000001fd3f1ea310 JavaThread "Incoming local TCP Connector on port 64083" [_thread_in_native, id=6764, stack(0x000000a794a00000,0x000000a794b00000)]
  0x000001fd3f1e7dd0 JavaThread "Daemon periodic checks" [_thread_blocked, id=7900, stack(0x000000a794b00000,0x000000a794c00000)]
  0x000001fd1fdd3820 JavaThread "Daemon" [_thread_blocked, id=9844, stack(0x000000a794c00000,0x000000a794d00000)]
  0x000001fd3f234430 JavaThread "Handler for socket connection from /127.0.0.1:64083 to /127.0.0.1:64085" [_thread_in_native, id=4620, stack(0x000000a794d00000,0x000000a794e00000)]
  0x000001fd3f8c26d0 JavaThread "Cancel handler" [_thread_blocked, id=12372, stack(0x000000a794e00000,0x000000a794f00000)]
  0x000001fd40728300 JavaThread "Daemon worker" [_thread_blocked, id=12304, stack(0x000000a794f00000,0x000000a795000000)]
  0x000001fd40728f70 JavaThread "Asynchronous log dispatcher for DefaultDaemonConnection: socket connection from /127.0.0.1:64083 to /127.0.0.1:64085" [_thread_blocked, id=4568, stack(0x000000a795000000,0x000000a795100000)]
  0x000001fd3f8c1560 JavaThread "Daemon client event forwarder" [_thread_blocked, id=14132, stack(0x000000a795200000,0x000000a795300000)]
  0x000001fd3f8c1a30 JavaThread "Cache worker for journal cache (C:\Users\NLab\.gradle\caches\journal-1)" [_thread_blocked, id=13328, stack(0x000000a795300000,0x000000a795400000)]
  0x000001fd3f8c0220 JavaThread "File lock request listener" [_thread_in_native, id=15220, stack(0x000000a795400000,0x000000a795500000)]
  0x000001fd3f8c1090 JavaThread "Cache worker for file hash cache (C:\Users\NLab\.gradle\caches\8.0.1\fileHashes)" [_thread_blocked, id=14412, stack(0x000000a795500000,0x000000a795600000)]
  0x000001fd40ab1760 JavaThread "File lock release action executor" [_thread_blocked, id=14868, stack(0x000000a795600000,0x000000a795700000)]
  0x000001fd40ab3de0 JavaThread "File watcher server" daemon [_thread_in_native, id=13280, stack(0x000000a795700000,0x000000a795800000)]
  0x000001fd40aaff50 JavaThread "File watcher consumer" daemon [_thread_blocked, id=3520, stack(0x000000a795800000,0x000000a795900000)]
  0x000001fd40aaec10 JavaThread "Cache worker for checksums cache (C:\Users\NLab\Desktop\cp1\Real-time-attendance-check\android\.gradle\8.0.1\checksums)" [_thread_blocked, id=14488, stack(0x000000a795900000,0x000000a795a00000)]
  0x000001fd40ab1290 JavaThread "Cache worker for cache directory md-rule (C:\Users\NLab\.gradle\caches\8.0.1\md-rule)" [_thread_blocked, id=2704, stack(0x000000a795a00000,0x000000a795b00000)]
  0x000001fd40aaf5b0 JavaThread "Cache worker for file content cache (C:\Users\NLab\.gradle\caches\8.0.1\fileContent)" [_thread_blocked, id=7456, stack(0x000000a795b00000,0x000000a795c00000)]
  0x000001fd40aafa80 JavaThread "Cache worker for file hash cache (C:\Users\NLab\Desktop\cp1\Real-time-attendance-check\android\.gradle\8.0.1\fileHashes)" [_thread_blocked, id=1440, stack(0x000000a795c00000,0x000000a795d00000)]
  0x000001fd40aaf0e0 JavaThread "Cache worker for cache directory md-supplier (C:\Users\NLab\.gradle\caches\8.0.1\md-supplier)" [_thread_blocked, id=4880, stack(0x000000a795e00000,0x000000a795f00000)]
  0x000001fd40ab0420 JavaThread "Cache worker for execution history cache (C:\Users\NLab\.gradle\caches\8.0.1\executionHistory)" [_thread_blocked, id=8164, stack(0x000000a795f00000,0x000000a796000000)]
  0x000001fd40ab4c50 JavaThread "jar transforms" [_thread_blocked, id=10608, stack(0x000000a796100000,0x000000a796200000)]
  0x000001fd40ab0dc0 JavaThread "jar transforms Thread 2" [_thread_blocked, id=14144, stack(0x000000a796000000,0x000000a796100000)]
  0x000001fd40ab2100 JavaThread "jar transforms Thread 3" [_thread_blocked, id=7952, stack(0x000000a796200000,0x000000a796300000)]
  0x000001fd40ab5120 JavaThread "jar transforms Thread 4" [_thread_blocked, id=10944, stack(0x000000a796300000,0x000000a796400000)]
  0x000001fd40ab25d0 JavaThread "Cache worker for kotlin-dsl (C:\Users\NLab\.gradle\caches\8.0.1\kotlin-dsl)" [_thread_blocked, id=14280, stack(0x000000a796500000,0x000000a796600000)]
  0x000001fd40ab2f70 JavaThread "Cache worker for dependencies-accessors (C:\Users\NLab\Desktop\cp1\Real-time-attendance-check\android\.gradle\8.0.1\dependencies-accessors)" [_thread_blocked, id=8036, stack(0x000000a796400000,0x000000a796500000)]
  0x000001fd40aad8d0 JavaThread "Cache worker for Build Output Cleanup Cache (C:\Users\NLab\Desktop\cp1\Real-time-attendance-check\node_modules\@react-native\gradle-plugin\.gradle\buildOutputCleanup)" [_thread_blocked, id=14656, stack(0x000000a796900000,0x000000a796a00000)]
  0x000001fd40ab42b0 JavaThread "Unconstrained build operations" [_thread_blocked, id=13916, stack(0x000000a796800000,0x000000a796900000)]
  0x000001fd40ab3440 JavaThread "Unconstrained build operations Thread 2" [_thread_blocked, id=7608, stack(0x000000a796a00000,0x000000a796b00000)]
  0x000001fd40ab4780 JavaThread "Unconstrained build operations Thread 3" [_thread_blocked, id=13028, stack(0x000000a796b00000,0x000000a796c00000)]
  0x000001fd40aadda0 JavaThread "Unconstrained build operations Thread 4" [_thread_blocked, id=8676, stack(0x000000a796c00000,0x000000a796d00000)]
  0x000001fd40aae270 JavaThread "Unconstrained build operations Thread 5" [_thread_blocked, id=5328, stack(0x000000a796d00000,0x000000a796e00000)]
  0x000001fd43191790 JavaThread "Unconstrained build operations Thread 6" [_thread_blocked, id=14048, stack(0x000000a796e00000,0x000000a796f00000)]
  0x000001fd4318ff80 JavaThread "Unconstrained build operations Thread 7" [_thread_blocked, id=7696, stack(0x000000a796f00000,0x000000a797000000)]
  0x000001fd43190920 JavaThread "Unconstrained build operations Thread 8" [_thread_blocked, id=10008, stack(0x000000a797000000,0x000000a797100000)]
  0x000001fd43190df0 JavaThread "Unconstrained build operations Thread 9" [_thread_blocked, id=6372, stack(0x000000a797100000,0x000000a797200000)]
  0x000001fd43190450 JavaThread "Unconstrained build operations Thread 10" [_thread_blocked, id=552, stack(0x000000a797200000,0x000000a797300000)]
  0x000001fd43195150 JavaThread "Unconstrained build operations Thread 11" [_thread_blocked, id=912, stack(0x000000a797300000,0x000000a797400000)]
  0x000001fd431912c0 JavaThread "Unconstrained build operations Thread 12" [_thread_blocked, id=14776, stack(0x000000a797400000,0x000000a797500000)]
  0x000001fd43192600 JavaThread "Unconstrained build operations Thread 13" [_thread_blocked, id=2364, stack(0x000000a797500000,0x000000a797600000)]
  0x000001fd4318f5e0 JavaThread "Unconstrained build operations Thread 14" [_thread_blocked, id=8976, stack(0x000000a797600000,0x000000a797700000)]
  0x000001fd43193e10 JavaThread "Unconstrained build operations Thread 15" [_thread_blocked, id=11200, stack(0x000000a797700000,0x000000a797800000)]
  0x000001fd431947b0 JavaThread "Unconstrained build operations Thread 16" [_thread_blocked, id=13228, stack(0x000000a797800000,0x000000a797900000)]
  0x000001fd431942e0 JavaThread "Unconstrained build operations Thread 17" [_thread_blocked, id=2256, stack(0x000000a797900000,0x000000a797a00000)]
  0x000001fd43191c60 JavaThread "Unconstrained build operations Thread 18" [_thread_blocked, id=6460, stack(0x000000a797a00000,0x000000a797b00000)]
  0x000001fd43194c80 JavaThread "Unconstrained build operations Thread 19" [_thread_blocked, id=14180, stack(0x000000a797b00000,0x000000a797c00000)]
  0x000001fd43192ad0 JavaThread "Unconstrained build operations Thread 20" [_thread_blocked, id=3624, stack(0x000000a797c00000,0x000000a797d00000)]
  0x000001fd43192130 JavaThread "Unconstrained build operations Thread 21" [_thread_blocked, id=5220, stack(0x000000a797d00000,0x000000a797e00000)]
  0x000001fd4318fab0 JavaThread "Unconstrained build operations Thread 22" [_thread_blocked, id=8836, stack(0x000000a797e00000,0x000000a797f00000)]
  0x000001fd43195620 JavaThread "Unconstrained build operations Thread 23" [_thread_blocked, id=5540, stack(0x000000a797f00000,0x000000a798000000)]
  0x000001fd43195af0 JavaThread "Unconstrained build operations Thread 24" [_thread_blocked, id=4624, stack(0x000000a798000000,0x000000a798100000)]
  0x000001fd43192fa0 JavaThread "Unconstrained build operations Thread 25" [_thread_blocked, id=13988, stack(0x000000a798100000,0x000000a798200000)]
  0x000001fd43193470 JavaThread "Unconstrained build operations Thread 26" [_thread_blocked, id=14600, stack(0x000000a798200000,0x000000a798300000)]
  0x000001fd43195fc0 JavaThread "Memory manager" [_thread_blocked, id=1316, stack(0x000000a798300000,0x000000a798400000)]
  0x000001fd4318f110 JavaThread "Cache worker for Build Output Cleanup Cache (C:\Users\NLab\Desktop\cp1\Real-time-attendance-check\android\.gradle\buildOutputCleanup)" [_thread_blocked, id=10212, stack(0x000000a798500000,0x000000a798600000)]
  0x000001fd4306efd0 JavaThread "included builds" [_thread_blocked, id=2164, stack(0x000000a798600000,0x000000a798700000)]
  0x000001fd4306e160 JavaThread "Execution worker" [_thread_blocked, id=11276, stack(0x000000a798700000,0x000000a798800000)]
  0x000001fd4306b610 JavaThread "Execution worker Thread 2" [_thread_blocked, id=12532, stack(0x000000a798800000,0x000000a798900000)]
  0x000001fd4306bae0 JavaThread "Execution worker Thread 3" [_thread_blocked, id=7624, stack(0x000000a798900000,0x000000a798a00000)]
  0x000001fd4306bfb0 JavaThread "Cache worker for execution history cache (C:\Users\NLab\Desktop\cp1\Real-time-attendance-check\node_modules\@react-native\gradle-plugin\.gradle\8.0.1\executionHistory)" [_thread_blocked, id=9528, stack(0x000000a798a00000,0x000000a798b00000)]
  0x000001fd4306d2f0 JavaThread "Unconstrained build operations Thread 27" [_thread_blocked, id=13084, stack(0x000000a798b00000,0x000000a798c00000)]
  0x000001fd4306c480 JavaThread "Unconstrained build operations Thread 28" [_thread_blocked, id=13780, stack(0x000000a798c00000,0x000000a798d00000)]
  0x000001fd4306c950 JavaThread "Unconstrained build operations Thread 29" [_thread_blocked, id=4144, stack(0x000000a798d00000,0x000000a798e00000)]
  0x000001fd4306ce20 JavaThread "Unconstrained build operations Thread 30" [_thread_blocked, id=12616, stack(0x000000a798e00000,0x000000a798f00000)]
  0x000001fd4306d7c0 JavaThread "Unconstrained build operations Thread 31" [_thread_blocked, id=15020, stack(0x000000a798400000,0x000000a798500000)]
  0x000001fd409168f0 JavaThread "Unconstrained build operations Thread 32" [_thread_blocked, id=10908, stack(0x000000a798f00000,0x000000a799000000)]
  0x000001fd40917c30 JavaThread "Unconstrained build operations Thread 33" [_thread_blocked, id=7580, stack(0x000000a799000000,0x000000a799100000)]
  0x000001fd4091c930 JavaThread "Unconstrained build operations Thread 34" [_thread_blocked, id=6820, stack(0x000000a799100000,0x000000a799200000)]
  0x000001fd4091c460 JavaThread "Unconstrained build operations Thread 35" [_thread_blocked, id=14780, stack(0x000000a799200000,0x000000a799300000)]
  0x000001fd4091d7a0 JavaThread "Unconstrained build operations Thread 36" [_thread_blocked, id=8440, stack(0x000000a799300000,0x000000a799400000)]
  0x000001fd40916420 JavaThread "Unconstrained build operations Thread 37" [_thread_blocked, id=11436, stack(0x000000a799400000,0x000000a799500000)]
  0x000001fd40918100 JavaThread "Unconstrained build operations Thread 38" [_thread_blocked, id=8720, stack(0x000000a799500000,0x000000a799600000)]
  0x000001fd40916dc0 JavaThread "Unconstrained build operations Thread 39" [_thread_blocked, id=14308, stack(0x000000a799600000,0x000000a799700000)]
  0x000001fd40915f50 JavaThread "Unconstrained build operations Thread 40" [_thread_blocked, id=13388, stack(0x000000a799700000,0x000000a799800000)]

Other Threads:
=>0x000001fd1f09eac0 VMThread "VM Thread" [stack: 0x000000a793900000,0x000000a793a00000] [id=1588]
  0x000001fd1f29f8f0 WatcherThread [stack: 0x000000a794500000,0x000000a794600000] [id=14888]
  0x000001fd7fb9dd00 GCTaskThread "GC Thread#0" [stack: 0x000000a793400000,0x000000a793500000] [id=4600]
  0x000001fd1f51f580 GCTaskThread "GC Thread#1" [stack: 0x000000a794600000,0x000000a794700000] [id=10804]
  0x000001fd1f8fe8d0 GCTaskThread "GC Thread#2" [stack: 0x000000a794700000,0x000000a794800000] [id=412]
  0x000001fd1fd570f0 GCTaskThread "GC Thread#3" [stack: 0x000000a794900000,0x000000a794a00000] [id=13504]
  0x000001fd7fbafc50 ConcurrentGCThread "G1 Main Marker" [stack: 0x000000a793500000,0x000000a793600000] [id=14880]
  0x000001fd7fbb0660 ConcurrentGCThread "G1 Conc#0" [stack: 0x000000a793600000,0x000000a793700000] [id=11376]
  0x000001fd7fc145e0 ConcurrentGCThread "G1 Refine#0" [stack: 0x000000a793700000,0x000000a793800000] [id=9336]
  0x000001fd40636de0 ConcurrentGCThread "G1 Refine#1" [stack: 0x000000a795d00000,0x000000a795e00000] [id=12596]
  0x000001fd7fc15000 ConcurrentGCThread "G1 Service" [stack: 0x000000a793800000,0x000000a793900000] [id=7704]

Threads with active compile tasks:

VM state: at safepoint (normal execution)

VM Mutex/Monitor currently owned by a thread:  ([mutex/lock_event])
[0x000001fd7fb44a80] Threads_lock - owner thread: 0x000001fd1f09eac0
[0x000001fd7fb43370] Heap_lock - owner thread: 0x000001fd7fbafc50

Heap address: 0x0000000080000000, size: 2048 MB, Compressed Oops mode: 32-bit

CDS archive(s) mapped at: [0x000001fd20000000-0x000001fd20bd0000-0x000001fd20bd0000), size 12386304, SharedBaseAddress: 0x000001fd20000000, ArchiveRelocationMode: 1.
Compressed class space mapped at: 0x000001fd21000000-0x000001fd3b000000, reserved size: 436207616
Narrow klass base: 0x000001fd20000000, Narrow klass shift: 0, Narrow klass range: 0x100000000

GC Precious Log:
 CPUs: 4 total, 4 available
 Memory: 8074M
 Large Page Support: Disabled
 NUMA Support: Disabled
 Compressed Oops: Enabled (32-bit)
 Heap Region Size: 1M
 Heap Min Capacity: 8M
 Heap Initial Capacity: 128M
 Heap Max Capacity: 2G
 Pre-touch: Disabled
 Parallel Workers: 4
 Concurrent Workers: 1
 Concurrent Refinement Workers: 4
 Periodic GC: Disabled

Heap:
 garbage-first heap   total 167936K, used 141287K [0x0000000080000000, 0x0000000100000000)
  region size 1024K, 8 young (8192K), 2 survivors (2048K)
 Metaspace       used 85258K, committed 86144K, reserved 557056K
  class space    used 11820K, committed 12224K, reserved 425984K

Heap Regions: E=young(eden), S=young(survivor), O=old, HS=humongous(starts), HC=humongous(continues), CS=collection set, F=free, OA=open archive, CA=closed archive, TAMS=top-at-mark-start (previous, next)
|   0|0x0000000080000000, 0x0000000080100000, 0x0000000080100000|100%| O|  |TAMS 0x0000000080100000, 0x0000000080000000| Untracked 
|   1|0x0000000080100000, 0x0000000080200000, 0x0000000080200000|100%| O|  |TAMS 0x0000000080200000, 0x0000000080100000| Untracked 
|   2|0x0000000080200000, 0x0000000080300000, 0x0000000080300000|100%|HS|  |TAMS 0x0000000080300000, 0x0000000080200000| Complete 
|   3|0x0000000080300000, 0x0000000080400000, 0x0000000080400000|100%|HC|  |TAMS 0x0000000080400000, 0x0000000080300000| Complete 
|   4|0x0000000080400000, 0x0000000080500000, 0x0000000080500000|100%|HC|  |TAMS 0x0000000080500000, 0x0000000080400000| Complete 
|   5|0x0000000080500000, 0x0000000080600000, 0x0000000080600000|100%|HC|  |TAMS 0x0000000080600000, 0x0000000080500000| Complete 
|   6|0x0000000080600000, 0x0000000080700000, 0x0000000080700000|100%| O|  |TAMS 0x0000000080700000, 0x0000000080600000| Untracked 
|   7|0x0000000080700000, 0x0000000080800000, 0x0000000080800000|100%| O|  |TAMS 0x0000000080800000, 0x0000000080700000| Untracked 
|   8|0x0000000080800000, 0x0000000080900000, 0x0000000080900000|100%| O|  |TAMS 0x0000000080900000, 0x0000000080800000| Untracked 
|   9|0x0000000080900000, 0x0000000080a00000, 0x0000000080a00000|100%| O|  |TAMS 0x0000000080a00000, 0x0000000080900000| Updating 
|  10|0x0000000080a00000, 0x0000000080b00000, 0x0000000080b00000|100%| O|  |TAMS 0x0000000080b00000, 0x0000000080a00000| Untracked 
|  11|0x0000000080b00000, 0x0000000080c00000, 0x0000000080c00000|100%| O|  |TAMS 0x0000000080c00000, 0x0000000080b00000| Updating 
|  12|0x0000000080c00000, 0x0000000080d00000, 0x0000000080d00000|100%| O|  |TAMS 0x0000000080d00000, 0x0000000080c00000| Untracked 
|  13|0x0000000080d00000, 0x0000000080e00000, 0x0000000080e00000|100%| O|  |TAMS 0x0000000080e00000, 0x0000000080d00000| Untracked 
|  14|0x0000000080e00000, 0x0000000080f00000, 0x0000000080f00000|100%| O|  |TAMS 0x0000000080f00000, 0x0000000080e00000| Untracked 
|  15|0x0000000080f00000, 0x0000000081000000, 0x0000000081000000|100%| O|  |TAMS 0x0000000081000000, 0x0000000080f00000| Untracked 
|  16|0x0000000081000000, 0x0000000081100000, 0x0000000081100000|100%| O|  |TAMS 0x0000000081100000, 0x0000000081000000| Untracked 
|  17|0x0000000081100000, 0x0000000081200000, 0x0000000081200000|100%| O|  |TAMS 0x0000000081200000, 0x0000000081100000| Updating 
|  18|0x0000000081200000, 0x0000000081300000, 0x0000000081300000|100%| O|  |TAMS 0x0000000081300000, 0x0000000081200000| Untracked 
|  19|0x0000000081300000, 0x0000000081400000, 0x0000000081400000|100%| O|  |TAMS 0x0000000081400000, 0x0000000081300000| Untracked 
|  20|0x0000000081400000, 0x0000000081500000, 0x0000000081500000|100%| O|  |TAMS 0x0000000081500000, 0x0000000081400000| Untracked 
|  21|0x0000000081500000, 0x0000000081600000, 0x0000000081600000|100%| O|  |TAMS 0x0000000081600000, 0x0000000081500000| Untracked 
|  22|0x0000000081600000, 0x0000000081700000, 0x0000000081700000|100%| O|  |TAMS 0x0000000081700000, 0x0000000081600000| Updating 
|  23|0x0000000081700000, 0x0000000081800000, 0x0000000081800000|100%| O|  |TAMS 0x0000000081800000, 0x0000000081700000| Updating 
|  24|0x0000000081800000, 0x0000000081900000, 0x0000000081900000|100%| O|  |TAMS 0x0000000081900000, 0x0000000081800000| Updating 
|  25|0x0000000081900000, 0x0000000081a00000, 0x0000000081a00000|100%| O|  |TAMS 0x0000000081a00000, 0x0000000081900000| Untracked 
|  26|0x0000000081a00000, 0x0000000081b00000, 0x0000000081b00000|100%| O|  |TAMS 0x0000000081b00000, 0x0000000081a00000| Untracked 
|  27|0x0000000081b00000, 0x0000000081c00000, 0x0000000081c00000|100%| O|  |TAMS 0x0000000081c00000, 0x0000000081b00000| Untracked 
|  28|0x0000000081c00000, 0x0000000081d00000, 0x0000000081d00000|100%| O|  |TAMS 0x0000000081d00000, 0x0000000081c00000| Updating 
|  29|0x0000000081d00000, 0x0000000081e00000, 0x0000000081e00000|100%|HS|  |TAMS 0x0000000081e00000, 0x0000000081d00000| Complete 
|  30|0x0000000081e00000, 0x0000000081f00000, 0x0000000081f00000|100%|HC|  |TAMS 0x0000000081f00000, 0x0000000081e00000| Complete 
|  31|0x0000000081f00000, 0x0000000082000000, 0x0000000082000000|100%| O|  |TAMS 0x0000000082000000, 0x0000000081f00000| Untracked 
|  32|0x0000000082000000, 0x0000000082100000, 0x0000000082100000|100%| O|  |TAMS 0x0000000082100000, 0x0000000082000000| Untracked 
|  33|0x0000000082100000, 0x0000000082200000, 0x0000000082200000|100%| O|  |TAMS 0x0000000082200000, 0x0000000082100000| Untracked 
|  34|0x0000000082200000, 0x0000000082300000, 0x0000000082300000|100%| O|  |TAMS 0x0000000082300000, 0x0000000082200000| Untracked 
|  35|0x0000000082300000, 0x0000000082400000, 0x0000000082400000|100%| O|  |TAMS 0x0000000082400000, 0x0000000082300000| Updating 
|  36|0x0000000082400000, 0x0000000082500000, 0x0000000082500000|100%| O|  |TAMS 0x0000000082500000, 0x0000000082400000| Updating 
|  37|0x0000000082500000, 0x0000000082600000, 0x0000000082600000|100%|HS|  |TAMS 0x0000000082600000, 0x0000000082500000| Complete 
|  38|0x0000000082600000, 0x0000000082700000, 0x0000000082700000|100%|HC|  |TAMS 0x0000000082700000, 0x0000000082600000| Complete 
|  39|0x0000000082700000, 0x0000000082800000, 0x0000000082800000|100%|HC|  |TAMS 0x0000000082800000, 0x0000000082700000| Complete 
|  40|0x0000000082800000, 0x0000000082900000, 0x0000000082900000|100%|HC|  |TAMS 0x0000000082900000, 0x0000000082800000| Complete 
|  41|0x0000000082900000, 0x0000000082a00000, 0x0000000082a00000|100%| O|  |TAMS 0x0000000082a00000, 0x0000000082900000| Untracked 
|  42|0x0000000082a00000, 0x0000000082b00000, 0x0000000082b00000|100%| O|  |TAMS 0x0000000082b00000, 0x0000000082a00000| Untracked 
|  43|0x0000000082b00000, 0x0000000082c00000, 0x0000000082c00000|100%| O|  |TAMS 0x0000000082c00000, 0x0000000082b00000| Untracked 
|  44|0x0000000082c00000, 0x0000000082d00000, 0x0000000082d00000|100%| O|  |TAMS 0x0000000082d00000, 0x0000000082c00000| Untracked 
|  45|0x0000000082d00000, 0x0000000082e00000, 0x0000000082e00000|100%| O|  |TAMS 0x0000000082e00000, 0x0000000082d00000| Untracked 
|  46|0x0000000082e00000, 0x0000000082f00000, 0x0000000082f00000|100%| O|  |TAMS 0x0000000082f00000, 0x0000000082e00000| Untracked 
|  47|0x0000000082f00000, 0x0000000083000000, 0x0000000083000000|100%| O|  |TAMS 0x0000000083000000, 0x0000000082f00000| Updating 
|  48|0x0000000083000000, 0x0000000083100000, 0x0000000083100000|100%| O|  |TAMS 0x0000000083100000, 0x0000000083000000| Updating 
|  49|0x0000000083100000, 0x0000000083200000, 0x0000000083200000|100%| O|  |TAMS 0x0000000083200000, 0x0000000083100000| Untracked 
|  50|0x0000000083200000, 0x0000000083300000, 0x0000000083300000|100%| O|  |TAMS 0x0000000083300000, 0x0000000083200000| Untracked 
|  51|0x0000000083300000, 0x0000000083400000, 0x0000000083400000|100%| O|  |TAMS 0x0000000083400000, 0x0000000083300000| Untracked 
|  52|0x0000000083400000, 0x0000000083500000, 0x0000000083500000|100%| O|  |TAMS 0x0000000083500000, 0x0000000083400000| Updating 
|  53|0x0000000083500000, 0x0000000083600000, 0x0000000083600000|100%| O|  |TAMS 0x0000000083600000, 0x0000000083500000| Updating 
|  54|0x0000000083600000, 0x0000000083700000, 0x0000000083700000|100%| O|  |TAMS 0x0000000083700000, 0x0000000083600000| Untracked 
|  55|0x0000000083700000, 0x0000000083800000, 0x0000000083800000|100%| O|  |TAMS 0x0000000083800000, 0x0000000083700000| Updating 
|  56|0x0000000083800000, 0x0000000083900000, 0x0000000083900000|100%| O|  |TAMS 0x0000000083900000, 0x0000000083800000| Updating 
|  57|0x0000000083900000, 0x0000000083a00000, 0x0000000083a00000|100%|HS|  |TAMS 0x0000000083a00000, 0x0000000083900000| Complete 
|  58|0x0000000083a00000, 0x0000000083b00000, 0x0000000083b00000|100%|HS|  |TAMS 0x0000000083b00000, 0x0000000083a00000| Complete 
|  59|0x0000000083b00000, 0x0000000083c00000, 0x0000000083c00000|100%| O|  |TAMS 0x0000000083c00000, 0x0000000083b00000| Untracked 
|  60|0x0000000083c00000, 0x0000000083d00000, 0x0000000083d00000|100%| O|  |TAMS 0x0000000083d00000, 0x0000000083c00000| Untracked 
|  61|0x0000000083d00000, 0x0000000083e00000, 0x0000000083e00000|100%| O|  |TAMS 0x0000000083e00000, 0x0000000083d00000| Updating 
|  62|0x0000000083e00000, 0x0000000083f00000, 0x0000000083f00000|100%| O|  |TAMS 0x0000000083f00000, 0x0000000083e00000| Updating 
|  63|0x0000000083f00000, 0x0000000084000000, 0x0000000084000000|100%| O|  |TAMS 0x0000000084000000, 0x0000000083f00000| Untracked 
|  64|0x0000000084000000, 0x0000000084100000, 0x0000000084100000|100%| O|  |TAMS 0x0000000084100000, 0x0000000084000000| Updating 
|  65|0x0000000084100000, 0x0000000084200000, 0x0000000084200000|100%| O|  |TAMS 0x0000000084200000, 0x0000000084100000| Untracked 
|  66|0x0000000084200000, 0x0000000084300000, 0x0000000084300000|100%| O|  |TAMS 0x0000000084300000, 0x0000000084200000| Updating 
|  67|0x0000000084300000, 0x0000000084400000, 0x0000000084400000|100%| O|  |TAMS 0x0000000084400000, 0x0000000084300000| Untracked 
|  68|0x0000000084400000, 0x0000000084500000, 0x0000000084500000|100%| O|  |TAMS 0x0000000084500000, 0x0000000084400000| Updating 
|  69|0x0000000084500000, 0x0000000084600000, 0x0000000084600000|100%|HS|  |TAMS 0x0000000084600000, 0x0000000084500000| Complete 
|  70|0x0000000084600000, 0x0000000084700000, 0x0000000084700000|100%| O|  |TAMS 0x0000000084700000, 0x0000000084600000| Untracked 
|  71|0x0000000084700000, 0x0000000084800000, 0x0000000084800000|100%| O|  |TAMS 0x0000000084800000, 0x0000000084700000| Untracked 
|  72|0x0000000084800000, 0x0000000084900000, 0x0000000084900000|100%| O|  |TAMS 0x0000000084900000, 0x0000000084800000| Untracked 
|  73|0x0000000084900000, 0x0000000084a00000, 0x0000000084a00000|100%|HS|  |TAMS 0x0000000084a00000, 0x0000000084900000| Complete 
|  74|0x0000000084a00000, 0x0000000084b00000, 0x0000000084b00000|100%| O|  |TAMS 0x0000000084b00000, 0x0000000084a00000| Updating 
|  75|0x0000000084b00000, 0x0000000084c00000, 0x0000000084c00000|100%| O|  |TAMS 0x0000000084c00000, 0x0000000084b00000| Untracked 
|  76|0x0000000084c00000, 0x0000000084d00000, 0x0000000084d00000|100%| O|  |TAMS 0x0000000084d00000, 0x0000000084c00000| Untracked 
|  77|0x0000000084d00000, 0x0000000084e00000, 0x0000000084e00000|100%| O|  |TAMS 0x0000000084e00000, 0x0000000084d00000| Untracked 
|  78|0x0000000084e00000, 0x0000000084f00000, 0x0000000084f00000|100%| O|  |TAMS 0x0000000084f00000, 0x0000000084e00000| Untracked 
|  79|0x0000000084f00000, 0x0000000085000000, 0x0000000085000000|100%| O|  |TAMS 0x0000000085000000, 0x0000000084f00000| Untracked 
|  80|0x0000000085000000, 0x0000000085100000, 0x0000000085100000|100%| O|  |TAMS 0x0000000085100000, 0x0000000085000000| Untracked 
|  81|0x0000000085100000, 0x0000000085200000, 0x0000000085200000|100%| O|  |TAMS 0x0000000085200000, 0x0000000085100000| Untracked 
|  82|0x0000000085200000, 0x0000000085300000, 0x0000000085300000|100%| O|  |TAMS 0x0000000085300000, 0x0000000085200000| Untracked 
|  83|0x0000000085300000, 0x0000000085400000, 0x0000000085400000|100%| O|  |TAMS 0x0000000085400000, 0x0000000085300000| Untracked 
|  84|0x0000000085400000, 0x0000000085500000, 0x0000000085500000|100%| O|  |TAMS 0x0000000085500000, 0x0000000085400000| Untracked 
|  85|0x0000000085500000, 0x0000000085600000, 0x0000000085600000|100%| O|  |TAMS 0x0000000085600000, 0x0000000085500000| Updating 
|  86|0x0000000085600000, 0x0000000085700000, 0x0000000085700000|100%|HS|  |TAMS 0x0000000085700000, 0x0000000085600000| Complete 
|  87|0x0000000085700000, 0x0000000085800000, 0x0000000085800000|100%|HC|  |TAMS 0x0000000085800000, 0x0000000085700000| Complete 
|  88|0x0000000085800000, 0x0000000085900000, 0x0000000085900000|100%| O|  |TAMS 0x0000000085900000, 0x0000000085800000| Untracked 
|  89|0x0000000085900000, 0x0000000085a00000, 0x0000000085a00000|100%| O|  |TAMS 0x0000000085a00000, 0x0000000085900000| Updating 
|  90|0x0000000085a00000, 0x0000000085b00000, 0x0000000085b00000|100%|HS|  |TAMS 0x0000000085b00000, 0x0000000085a00000| Complete 
|  91|0x0000000085b00000, 0x0000000085c00000, 0x0000000085c00000|100%|HC|  |TAMS 0x0000000085c00000, 0x0000000085b00000| Complete 
|  92|0x0000000085c00000, 0x0000000085d00000, 0x0000000085d00000|100%|HC|  |TAMS 0x0000000085d00000, 0x0000000085c00000| Complete 
|  93|0x0000000085d00000, 0x0000000085e00000, 0x0000000085e00000|100%|HC|  |TAMS 0x0000000085e00000, 0x0000000085d00000| Complete 
|  94|0x0000000085e00000, 0x0000000085f00000, 0x0000000085f00000|100%| O|  |TAMS 0x0000000085f00000, 0x0000000085e00000| Updating 
|  95|0x0000000085f00000, 0x0000000086000000, 0x0000000086000000|100%| O|  |TAMS 0x0000000086000000, 0x0000000085f00000| Updating 
|  96|0x0000000086000000, 0x0000000086100000, 0x0000000086100000|100%| O|  |TAMS 0x0000000086100000, 0x0000000086000000| Untracked 
|  97|0x0000000086100000, 0x0000000086200000, 0x0000000086200000|100%| O|  |TAMS 0x0000000086200000, 0x0000000086100000| Untracked 
|  98|0x0000000086200000, 0x0000000086300000, 0x0000000086300000|100%| O|  |TAMS 0x0000000086300000, 0x0000000086200000| Updating 
|  99|0x0000000086300000, 0x0000000086400000, 0x0000000086400000|100%| O|  |TAMS 0x0000000086400000, 0x0000000086300000| Untracked 
| 100|0x0000000086400000, 0x0000000086500000, 0x0000000086500000|100%|HS|  |TAMS 0x0000000086500000, 0x0000000086400000| Complete 
| 101|0x0000000086500000, 0x0000000086600000, 0x0000000086600000|100%|HS|  |TAMS 0x0000000086600000, 0x0000000086500000| Complete 
| 102|0x0000000086600000, 0x0000000086700000, 0x0000000086700000|100%|HC|  |TAMS 0x0000000086700000, 0x0000000086600000| Complete 
| 103|0x0000000086700000, 0x0000000086800000, 0x0000000086800000|100%|HC|  |TAMS 0x0000000086800000, 0x0000000086700000| Complete 
| 104|0x0000000086800000, 0x0000000086900000, 0x0000000086900000|100%| O|  |TAMS 0x0000000086900000, 0x0000000086800000| Untracked 
| 105|0x0000000086900000, 0x0000000086a00000, 0x0000000086a00000|100%| O|  |TAMS 0x0000000086a00000, 0x0000000086900000| Untracked 
| 106|0x0000000086a00000, 0x0000000086b00000, 0x0000000086b00000|100%| O|  |TAMS 0x0000000086b00000, 0x0000000086a00000| Updating 
| 107|0x0000000086b00000, 0x0000000086c00000, 0x0000000086c00000|100%| O|  |TAMS 0x0000000086c00000, 0x0000000086b00000| Untracked 
| 108|0x0000000086c00000, 0x0000000086d00000, 0x0000000086d00000|100%|HS|  |TAMS 0x0000000086d00000, 0x0000000086c00000| Complete 
| 109|0x0000000086d00000, 0x0000000086e00000, 0x0000000086e00000|100%|HC|  |TAMS 0x0000000086e00000, 0x0000000086d00000| Complete 
| 110|0x0000000086e00000, 0x0000000086f00000, 0x0000000086f00000|100%| O|  |TAMS 0x0000000086f00000, 0x0000000086e00000| Untracked 
| 111|0x0000000086f00000, 0x0000000087000000, 0x0000000087000000|100%| O|  |TAMS 0x0000000087000000, 0x0000000086f00000| Untracked 
| 112|0x0000000087000000, 0x0000000087100000, 0x0000000087100000|100%| O|  |TAMS 0x0000000087100000, 0x0000000087000000| Untracked 
| 113|0x0000000087100000, 0x0000000087200000, 0x0000000087200000|100%| O|  |TAMS 0x0000000087200000, 0x0000000087100000| Updating 
| 114|0x0000000087200000, 0x0000000087300000, 0x0000000087300000|100%| O|  |TAMS 0x0000000087300000, 0x0000000087200000| Untracked 
| 115|0x0000000087300000, 0x0000000087400000, 0x0000000087400000|100%| O|  |TAMS 0x0000000087400000, 0x0000000087300000| Untracked 
| 116|0x0000000087400000, 0x0000000087500000, 0x0000000087500000|100%|HS|  |TAMS 0x0000000087500000, 0x0000000087400000| Complete 
| 117|0x0000000087500000, 0x0000000087600000, 0x0000000087600000|100%|HC|  |TAMS 0x0000000087600000, 0x0000000087500000| Complete 
| 118|0x0000000087600000, 0x0000000087700000, 0x0000000087700000|100%|HS|  |TAMS 0x0000000087700000, 0x0000000087600000| Complete 
| 119|0x0000000087700000, 0x0000000087800000, 0x0000000087800000|100%|HS|  |TAMS 0x0000000087800000, 0x0000000087700000| Complete 
| 120|0x0000000087800000, 0x0000000087900000, 0x0000000087900000|100%|HC|  |TAMS 0x0000000087900000, 0x0000000087800000| Complete 
| 121|0x0000000087900000, 0x0000000087a00000, 0x0000000087a00000|100%|HC|  |TAMS 0x0000000087a00000, 0x0000000087900000| Complete 
| 122|0x0000000087a00000, 0x0000000087b00000, 0x0000000087b00000|100%|HC|  |TAMS 0x0000000087b00000, 0x0000000087a00000| Complete 
| 123|0x0000000087b00000, 0x0000000087c00000, 0x0000000087c00000|100%| O|  |TAMS 0x0000000087c00000, 0x0000000087b00000| Untracked 
| 124|0x0000000087c00000, 0x0000000087d00000, 0x0000000087d00000|100%| O|  |TAMS 0x0000000087d00000, 0x0000000087c00000| Untracked 
| 125|0x0000000087d00000, 0x0000000087e00000, 0x0000000087e00000|100%| O|  |TAMS 0x0000000087e00000, 0x0000000087d00000| Untracked 
| 126|0x0000000087e00000, 0x0000000087f00000, 0x0000000087f00000|100%| O|  |TAMS 0x0000000087f00000, 0x0000000087e00000| Untracked 
| 127|0x0000000087f00000, 0x0000000088000000, 0x0000000088000000|100%| O|  |TAMS 0x0000000087f30400, 0x0000000087f00000| Untracked 
| 128|0x0000000088000000, 0x0000000088100000, 0x0000000088100000|100%| O|  |TAMS 0x0000000088000000, 0x0000000088000000| Untracked 
| 129|0x0000000088100000, 0x0000000088200000, 0x0000000088200000|100%| O|  |TAMS 0x0000000088100000, 0x0000000088100000| Untracked 
| 130|0x0000000088200000, 0x00000000882f9c00, 0x0000000088300000| 97%| O|  |TAMS 0x0000000088200000, 0x0000000088200000| Untracked 
| 131|0x0000000088300000, 0x0000000088300000, 0x0000000088400000|  0%| F|  |TAMS 0x0000000088300000, 0x0000000088300000| Untracked 
| 132|0x0000000088400000, 0x0000000088400000, 0x0000000088500000|  0%| F|  |TAMS 0x0000000088400000, 0x0000000088400000| Untracked 
| 133|0x0000000088500000, 0x0000000088500000, 0x0000000088600000|  0%| F|  |TAMS 0x0000000088500000, 0x0000000088500000| Untracked 
| 134|0x0000000088600000, 0x0000000088600000, 0x0000000088700000|  0%| F|  |TAMS 0x0000000088600000, 0x0000000088600000| Untracked 
| 135|0x0000000088700000, 0x0000000088700000, 0x0000000088800000|  0%| F|  |TAMS 0x0000000088700000, 0x0000000088700000| Untracked 
| 136|0x0000000088800000, 0x0000000088800000, 0x0000000088900000|  0%| F|  |TAMS 0x0000000088800000, 0x0000000088800000| Untracked 
| 137|0x0000000088900000, 0x0000000088900000, 0x0000000088a00000|  0%| F|  |TAMS 0x0000000088900000, 0x0000000088900000| Untracked 
| 138|0x0000000088a00000, 0x0000000088a00000, 0x0000000088b00000|  0%| F|  |TAMS 0x0000000088a00000, 0x0000000088a00000| Untracked 
| 139|0x0000000088b00000, 0x0000000088b00000, 0x0000000088c00000|  0%| F|  |TAMS 0x0000000088b00000, 0x0000000088b00000| Untracked 
| 140|0x0000000088c00000, 0x0000000088c00000, 0x0000000088d00000|  0%| F|  |TAMS 0x0000000088c00000, 0x0000000088c00000| Untracked 
| 141|0x0000000088d00000, 0x0000000088d00000, 0x0000000088e00000|  0%| F|  |TAMS 0x0000000088d00000, 0x0000000088d00000| Untracked 
| 142|0x0000000088e00000, 0x0000000088e00000, 0x0000000088f00000|  0%| F|  |TAMS 0x0000000088e00000, 0x0000000088e00000| Untracked 
| 143|0x0000000088f00000, 0x0000000088f00000, 0x0000000089000000|  0%| F|  |TAMS 0x0000000088f00000, 0x0000000088f00000| Untracked 
| 144|0x0000000089000000, 0x0000000089000000, 0x0000000089100000|  0%| F|  |TAMS 0x0000000089000000, 0x0000000089000000| Untracked 
| 145|0x0000000089100000, 0x0000000089100000, 0x0000000089200000|  0%| F|  |TAMS 0x0000000089100000, 0x0000000089100000| Untracked 
| 146|0x0000000089200000, 0x0000000089200000, 0x0000000089300000|  0%| F|  |TAMS 0x0000000089200000, 0x0000000089200000| Untracked 
| 147|0x0000000089300000, 0x0000000089300000, 0x0000000089400000|  0%| F|  |TAMS 0x0000000089300000, 0x0000000089300000| Untracked 
| 148|0x0000000089400000, 0x0000000089400000, 0x0000000089500000|  0%| F|  |TAMS 0x0000000089400000, 0x0000000089400000| Untracked 
| 149|0x0000000089500000, 0x0000000089500000, 0x0000000089600000|  0%| F|  |TAMS 0x0000000089500000, 0x0000000089500000| Untracked 
| 150|0x0000000089600000, 0x0000000089600000, 0x0000000089700000|  0%| F|  |TAMS 0x0000000089600000, 0x0000000089600000| Untracked 
| 151|0x0000000089700000, 0x0000000089700000, 0x0000000089800000|  0%| F|  |TAMS 0x0000000089700000, 0x0000000089700000| Untracked 
| 152|0x0000000089800000, 0x0000000089800000, 0x0000000089900000|  0%| F|  |TAMS 0x0000000089800000, 0x0000000089800000| Untracked 
| 153|0x0000000089900000, 0x0000000089900000, 0x0000000089a00000|  0%| F|  |TAMS 0x0000000089900000, 0x0000000089900000| Untracked 
| 154|0x0000000089a00000, 0x0000000089b00000, 0x0000000089b00000|100%| S|CS|TAMS 0x0000000089a00000, 0x0000000089a00000| Complete 
| 155|0x0000000089b00000, 0x0000000089c00000, 0x0000000089c00000|100%| S|CS|TAMS 0x0000000089b00000, 0x0000000089b00000| Complete 
| 156|0x0000000089c00000, 0x0000000089c00000, 0x0000000089d00000|  0%| F|  |TAMS 0x0000000089c00000, 0x0000000089c00000| Untracked 
| 157|0x0000000089d00000, 0x0000000089d00000, 0x0000000089e00000|  0%| F|  |TAMS 0x0000000089d00000, 0x0000000089d00000| Untracked 
| 158|0x0000000089e00000, 0x0000000089ee8260, 0x0000000089f00000| 90%| E|  |TAMS 0x0000000089e00000, 0x0000000089e00000| Complete 
| 159|0x0000000089f00000, 0x000000008a000000, 0x000000008a000000|100%| E|CS|TAMS 0x0000000089f00000, 0x0000000089f00000| Complete 
| 160|0x000000008a000000, 0x000000008a100000, 0x000000008a100000|100%| E|CS|TAMS 0x000000008a000000, 0x000000008a000000| Complete 
| 161|0x000000008a100000, 0x000000008a200000, 0x000000008a200000|100%| E|CS|TAMS 0x000000008a100000, 0x000000008a100000| Complete 
| 162|0x000000008a200000, 0x000000008a300000, 0x000000008a300000|100%| E|CS|TAMS 0x000000008a200000, 0x000000008a200000| Complete 
| 163|0x000000008a300000, 0x000000008a400000, 0x000000008a400000|100%| E|CS|TAMS 0x000000008a300000, 0x000000008a300000| Complete 

Card table byte_map: [0x000001fd18310000,0x000001fd18710000] _byte_map_base: 0x000001fd17f10000

Marking Bits (Prev, Next): (CMBitMap*) 0x000001fd7fb9e310, (CMBitMap*) 0x000001fd7fb9e350
 Prev Bits: [0x000001fd18b10000, 0x000001fd1ab10000)
 Next Bits: [0x000001fd1ab10000, 0x000001fd1cb10000)

Polling page: 0x000001fd7fc20000

Metaspace:

Usage:
  Non-class:     71.72 MB used.
      Class:     11.54 MB used.
       Both:     83.26 MB used.

Virtual space:
  Non-class space:      128.00 MB reserved,      72.19 MB ( 56%) committed,  2 nodes.
      Class space:      416.00 MB reserved,      11.94 MB (  3%) committed,  1 nodes.
             Both:      544.00 MB reserved,      84.12 MB ( 15%) committed. 

Chunk freelists:
   Non-Class:  7.11 MB
       Class:  4.03 MB
        Both:  11.14 MB

MaxMetaspaceSize: 512.00 MB
CompressedClassSpaceSize: 416.00 MB
Initial GC threshold: 21.00 MB
Current GC threshold: 133.38 MB
CDS: on
MetaspaceReclaimPolicy: balanced
 - commit_granule_bytes: 65536.
 - commit_granule_words: 8192.
 - virtual_space_node_default_size: 8388608.
 - enlarge_chunks_in_place: 1.
 - new_chunks_are_fully_committed: 0.
 - uncommit_free_chunks: 1.
 - use_allocation_guard: 0.
 - handle_deallocations: 1.


Internal statistics:

num_allocs_failed_limit: 6.
num_arena_births: 1010.
num_arena_deaths: 0.
num_vsnodes_births: 3.
num_vsnodes_deaths: 0.
num_space_committed: 1346.
num_space_uncommitted: 0.
num_chunks_returned_to_freelist: 6.
num_chunks_taken_from_freelist: 4595.
num_chunk_merges: 6.
num_chunk_splits: 3071.
num_chunks_enlarged: 2033.
num_purges: 0.
num_inconsistent_stats: 0.

CodeHeap 'non-profiled nmethods': size=120000Kb used=6456Kb max_used=6456Kb free=113543Kb
 bounds [0x000001fd106b0000, 0x000001fd10d00000, 0x000001fd17be0000]
CodeHeap 'profiled nmethods': size=120000Kb used=21389Kb max_used=21389Kb free=98610Kb
 bounds [0x000001fd08be0000, 0x000001fd0a0d0000, 0x000001fd10110000]
CodeHeap 'non-nmethods': size=5760Kb used=2396Kb max_used=2501Kb free=3364Kb
 bounds [0x000001fd10110000, 0x000001fd10390000, 0x000001fd106b0000]
 total_blobs=11471 nmethods=10539 adapters=843
 compilation: enabled
              stopped_count=0, restarted_count=0
 full_count=0

Compilation events (20 events):
Event: 86.722 Thread 0x000001fd1f131490 11848       3       org.gradle.api.internal.project.DefaultProject::depthCompare (14 bytes)
Event: 86.722 Thread 0x000001fd1f131490 nmethod 11848 0x000001fd0a0bf690 code [0x000001fd0a0bf840, 0x000001fd0a0bfc18]
Event: 86.730 Thread 0x000001fd1f131490 11849       3       java.lang.reflect.ProxyGenerator$ProxyMethod::codeWrapArgument (148 bytes)
Event: 86.731 Thread 0x000001fd1f131490 nmethod 11849 0x000001fd0a0bfd10 code [0x000001fd0a0bff80, 0x000001fd0a0c0bf8]
Event: 86.740 Thread 0x000001fd1f0c5bc0 11850   !   4       java.util.jar.JarFile::checkForSpecialAttributes (163 bytes)
Event: 86.773 Thread 0x000001fd1f131490 11851       3       java.util.concurrent.locks.ReentrantReadWriteLock$Sync::tryAcquireShared (177 bytes)
Event: 86.774 Thread 0x000001fd1f131490 nmethod 11851 0x000001fd0a0c0f10 code [0x000001fd0a0c1160, 0x000001fd0a0c1ca8]
Event: 86.774 Thread 0x000001fd1f131490 11852       3       java.util.concurrent.locks.ReentrantReadWriteLock$Sync::sharedCount (5 bytes)
Event: 86.774 Thread 0x000001fd1f131490 nmethod 11852 0x000001fd09668090 code [0x000001fd09668220, 0x000001fd09668318]
Event: 86.774 Thread 0x000001fd1f131490 11853       3       java.util.concurrent.locks.ReentrantReadWriteLock$ReadLock::unlock (10 bytes)
Event: 86.774 Thread 0x000001fd1f131490 nmethod 11853 0x000001fd0a0c2010 code [0x000001fd0a0c21e0, 0x000001fd0a0c24b8]
Event: 86.774 Thread 0x000001fd1f131490 11854       3       java.util.concurrent.locks.ReentrantReadWriteLock$Sync::tryReleaseShared (146 bytes)
Event: 86.775 Thread 0x000001fd1f131490 nmethod 11854 0x000001fd0a0c2610 code [0x000001fd0a0c2860, 0x000001fd0a0c3398]
Event: 86.858 Thread 0x000001fd1f0c5bc0 nmethod 11850 0x000001fd10cf8390 code [0x000001fd10cf8740, 0x000001fd10cfbc60]
Event: 86.859 Thread 0x000001fd1f0c5bc0 11855       4       org.gradle.api.internal.artifacts.configurations.DefaultConfiguration::validateMutation (16 bytes)
Event: 86.861 Thread 0x000001fd1f0c5bc0 nmethod 11855 0x000001fd10cfdc90 code [0x000001fd10cfde40, 0x000001fd10cfe048]
Event: 86.874 Thread 0x000001fd1f131490 11856       3       org.gradle.internal.instantiation.generator.AsmBackedClassGenerator$ClassBuilderImpl::generateServiceRegistrySupport (20 bytes)
Event: 86.874 Thread 0x000001fd1f131490 nmethod 11856 0x000001fd0a0c3790 code [0x000001fd0a0c3940, 0x000001fd0a0c3aa8]
Event: 86.939 Thread 0x000001fd1f131490 11857       3       org.gradle.internal.instantiation.generator.AbstractClassGenerator$ManagedPropertiesHandler::hasFields (6 bytes)
Event: 86.939 Thread 0x000001fd1f131490 nmethod 11857 0x000001fd0a0c3b90 code [0x000001fd0a0c3d20, 0x000001fd0a0c3e38]

GC Heap History (20 events):
Event: 79.061 GC heap before
{Heap before GC invocations=45 (full 0):
 garbage-first heap   total 121856K, used 102541K [0x0000000080000000, 0x0000000100000000)
  region size 1024K, 19 young (19456K), 3 survivors (3072K)
 Metaspace       used 79571K, committed 80320K, reserved 557056K
  class space    used 11017K, committed 11392K, reserved 425984K
}
Event: 79.068 GC heap after
{Heap after GC invocations=46 (full 0):
 garbage-first heap   total 121856K, used 87730K [0x0000000080000000, 0x0000000100000000)
  region size 1024K, 2 young (2048K), 2 survivors (2048K)
 Metaspace       used 79571K, committed 80320K, reserved 557056K
  class space    used 11017K, committed 11392K, reserved 425984K
}
Event: 79.833 GC heap before
{Heap before GC invocations=46 (full 0):
 garbage-first heap   total 121856K, used 103090K [0x0000000080000000, 0x0000000100000000)
  region size 1024K, 17 young (17408K), 2 survivors (2048K)
 Metaspace       used 80939K, committed 81664K, reserved 557056K
  class space    used 11289K, committed 11648K, reserved 425984K
}
Event: 79.838 GC heap after
{Heap after GC invocations=47 (full 0):
 garbage-first heap   total 121856K, used 89781K [0x0000000080000000, 0x0000000100000000)
  region size 1024K, 2 young (2048K), 2 survivors (2048K)
 Metaspace       used 80939K, committed 81664K, reserved 557056K
  class space    used 11289K, committed 11648K, reserved 425984K
}
Event: 80.570 GC heap before
{Heap before GC invocations=47 (full 0):
 garbage-first heap   total 121856K, used 101045K [0x0000000080000000, 0x0000000100000000)
  region size 1024K, 12 young (12288K), 2 survivors (2048K)
 Metaspace       used 81055K, committed 81792K, reserved 557056K
  class space    used 11298K, committed 11648K, reserved 425984K
}
Event: 80.575 GC heap after
{Heap after GC invocations=48 (full 0):
 garbage-first heap   total 121856K, used 94186K [0x0000000080000000, 0x0000000100000000)
  region size 1024K, 2 young (2048K), 2 survivors (2048K)
 Metaspace       used 81055K, committed 81792K, reserved 557056K
  class space    used 11298K, committed 11648K, reserved 425984K
}
Event: 80.916 GC heap before
{Heap before GC invocations=49 (full 0):
 garbage-first heap   total 167936K, used 106474K [0x0000000080000000, 0x0000000100000000)
  region size 1024K, 11 young (11264K), 2 survivors (2048K)
 Metaspace       used 81199K, committed 81984K, reserved 557056K
  class space    used 11320K, committed 11712K, reserved 425984K
}
Event: 80.922 GC heap after
{Heap after GC invocations=50 (full 0):
 garbage-first heap   total 167936K, used 99646K [0x0000000080000000, 0x0000000100000000)
  region size 1024K, 2 young (2048K), 2 survivors (2048K)
 Metaspace       used 81199K, committed 81984K, reserved 557056K
  class space    used 11320K, committed 11712K, reserved 425984K
}
Event: 81.119 GC heap before
{Heap before GC invocations=50 (full 0):
 garbage-first heap   total 167936K, used 105790K [0x0000000080000000, 0x0000000100000000)
  region size 1024K, 8 young (8192K), 2 survivors (2048K)
 Metaspace       used 81299K, committed 82112K, reserved 557056K
  class space    used 11333K, committed 11712K, reserved 425984K
}
Event: 81.124 GC heap after
{Heap after GC invocations=51 (full 0):
 garbage-first heap   total 167936K, used 100451K [0x0000000080000000, 0x0000000100000000)
  region size 1024K, 1 young (1024K), 1 survivors (1024K)
 Metaspace       used 81299K, committed 82112K, reserved 557056K
  class space    used 11333K, committed 11712K, reserved 425984K
}
Event: 82.898 GC heap before
{Heap before GC invocations=51 (full 0):
 garbage-first heap   total 167936K, used 132195K [0x0000000080000000, 0x0000000100000000)
  region size 1024K, 27 young (27648K), 1 survivors (1024K)
 Metaspace       used 81690K, committed 82496K, reserved 557056K
  class space    used 11350K, committed 11712K, reserved 425984K
}
Event: 82.903 GC heap after
{Heap after GC invocations=52 (full 0):
 garbage-first heap   total 167936K, used 113233K [0x0000000080000000, 0x0000000100000000)
  region size 1024K, 4 young (4096K), 4 survivors (4096K)
 Metaspace       used 81690K, committed 82496K, reserved 557056K
  class space    used 11350K, committed 11712K, reserved 425984K
}
Event: 84.205 GC heap before
{Heap before GC invocations=52 (full 0):
 garbage-first heap   total 167936K, used 134737K [0x0000000080000000, 0x0000000100000000)
  region size 1024K, 23 young (23552K), 4 survivors (4096K)
 Metaspace       used 83213K, committed 84096K, reserved 557056K
  class space    used 11556K, committed 11968K, reserved 425984K
}
Event: 84.212 GC heap after
{Heap after GC invocations=53 (full 0):
 garbage-first heap   total 167936K, used 118300K [0x0000000080000000, 0x0000000100000000)
  region size 1024K, 3 young (3072K), 3 survivors (3072K)
 Metaspace       used 83213K, committed 84096K, reserved 557056K
  class space    used 11556K, committed 11968K, reserved 425984K
}
Event: 85.651 GC heap before
{Heap before GC invocations=53 (full 0):
 garbage-first heap   total 167936K, used 135708K [0x0000000080000000, 0x0000000100000000)
  region size 1024K, 20 young (20480K), 3 survivors (3072K)
 Metaspace       used 84019K, committed 84864K, reserved 557056K
  class space    used 11649K, committed 12032K, reserved 425984K
}
Event: 85.657 GC heap after
{Heap after GC invocations=54 (full 0):
 garbage-first heap   total 167936K, used 121540K [0x0000000080000000, 0x0000000100000000)
  region size 1024K, 3 young (3072K), 3 survivors (3072K)
 Metaspace       used 84019K, committed 84864K, reserved 557056K
  class space    used 11649K, committed 12032K, reserved 425984K
}
Event: 86.514 GC heap before
{Heap before GC invocations=54 (full 0):
 garbage-first heap   total 167936K, used 144068K [0x0000000080000000, 0x0000000100000000)
  region size 1024K, 19 young (19456K), 3 survivors (3072K)
 Metaspace       used 84089K, committed 84928K, reserved 557056K
  class space    used 11656K, committed 12032K, reserved 425984K
}
Event: 86.521 GC heap after
{Heap after GC invocations=55 (full 0):
 garbage-first heap   total 167936K, used 133313K [0x0000000080000000, 0x0000000100000000)
  region size 1024K, 3 young (3072K), 3 survivors (3072K)
 Metaspace       used 84089K, committed 84928K, reserved 557056K
  class space    used 11656K, committed 12032K, reserved 425984K
}
Event: 86.855 GC heap before
{Heap before GC invocations=55 (full 0):
 garbage-first heap   total 167936K, used 140481K [0x0000000080000000, 0x0000000100000000)
  region size 1024K, 11 young (11264K), 3 survivors (3072K)
 Metaspace       used 84578K, committed 85440K, reserved 557056K
  class space    used 11731K, committed 12160K, reserved 425984K
}
Event: 86.858 GC heap after
{Heap after GC invocations=56 (full 0):
 garbage-first heap   total 167936K, used 136167K [0x0000000080000000, 0x0000000100000000)
  region size 1024K, 2 young (2048K), 2 survivors (2048K)
 Metaspace       used 84578K, committed 85440K, reserved 557056K
  class space    used 11731K, committed 12160K, reserved 425984K
}

Deoptimization events (20 events):
Event: 84.910 Thread 0x000001fd40728300 Uncommon trap: trap_request=0xffffff45 fr.pc=0x000001fd107d2620 relative=0x00000000000004e0
Event: 84.910 Thread 0x000001fd40728300 Uncommon trap: reason=unstable_if action=reinterpret pc=0x000001fd107d2620 method=java.lang.StringLatin1.regionMatchesCI([BI[BII)Z @ 72 c2
Event: 84.910 Thread 0x000001fd40728300 DEOPT PACKING pc=0x000001fd107d2620 sp=0x000000a794ff8950
Event: 84.910 Thread 0x000001fd40728300 DEOPT UNPACKING pc=0x000001fd101623a3 sp=0x000000a794ff88e0 mode 2
Event: 85.640 Thread 0x000001fd40728300 Uncommon trap: trap_request=0xffffff45 fr.pc=0x000001fd10a99fb4 relative=0x00000000000023b4
Event: 85.640 Thread 0x000001fd40728300 Uncommon trap: reason=unstable_if action=reinterpret pc=0x000001fd10a99fb4 method=com.esotericsoftware.kryo.io.Output.writeString(Ljava/lang/String;)V @ 39 c2
Event: 85.640 Thread 0x000001fd40728300 DEOPT PACKING pc=0x000001fd10a99fb4 sp=0x000000a794ff8800
Event: 85.640 Thread 0x000001fd40728300 DEOPT UNPACKING pc=0x000001fd101623a3 sp=0x000000a794ff8760 mode 2
Event: 86.301 Thread 0x000001fd40728300 DEOPT PACKING pc=0x000001fd08dbb471 sp=0x000000a794ff8ec0
Event: 86.301 Thread 0x000001fd40728300 DEOPT UNPACKING pc=0x000001fd10162b43 sp=0x000000a794ff8320 mode 0
Event: 86.308 Thread 0x000001fd40728300 Uncommon trap: trap_request=0xffffffcc fr.pc=0x000001fd10cebc50 relative=0x00000000000002b0
Event: 86.308 Thread 0x000001fd40728300 Uncommon trap: reason=intrinsic_or_type_checked_inlining action=make_not_entrant pc=0x000001fd10cebc50 method=java.util.Arrays.copyOfRange([Ljava/lang/Object;IILjava/lang/Class;)[Ljava/lang/Object; @ 84 c2
Event: 86.308 Thread 0x000001fd40728300 DEOPT PACKING pc=0x000001fd10cebc50 sp=0x000000a794ff5a80
Event: 86.308 Thread 0x000001fd40728300 DEOPT UNPACKING pc=0x000001fd101623a3 sp=0x000000a794ff5a00 mode 2
Event: 86.535 Thread 0x000001fd40728300 DEOPT PACKING pc=0x000001fd0995ea27 sp=0x000000a794ff88b0
Event: 86.535 Thread 0x000001fd40728300 DEOPT UNPACKING pc=0x000001fd10162b43 sp=0x000000a794ff7d78 mode 0
Event: 86.639 Thread 0x000001fd40728300 Uncommon trap: trap_request=0xffffff45 fr.pc=0x000001fd106f8180 relative=0x00000000000008e0
Event: 86.639 Thread 0x000001fd40728300 Uncommon trap: reason=unstable_if action=reinterpret pc=0x000001fd106f8180 method=java.util.jar.JarFile.match([B[B[B[B)I @ 52 c2
Event: 86.640 Thread 0x000001fd40728300 DEOPT PACKING pc=0x000001fd106f8180 sp=0x000000a794ff8c70
Event: 86.640 Thread 0x000001fd40728300 DEOPT UNPACKING pc=0x000001fd101623a3 sp=0x000000a794ff8b68 mode 2

Classes unloaded (0 events):
No events

Classes redefined (0 events):
No events

Internal exceptions (20 events):
Event: 84.119 Thread 0x000001fd40728300 Exception <a 'java/lang/ClassNotFoundException'{0x00000000892885f8}: com/android/build/gradle/internal/dsl/NdkOptions_DecoratedCustomizer> (0x00000000892885f8) 
thrown [s\open\src\hotspot\share\classfile\systemDictionary.cpp, line 256]
Event: 84.194 Thread 0x000001fd40728300 Exception <a 'java/lang/ClassNotFoundException'{0x0000000089151b80}: com/android/build/gradle/internal/dsl/PackagingOptions$AgpDecorated_DecoratedBeanInfo> (0x0000000089151b80) 
thrown [s\open\src\hotspot\share\classfile\systemDictionary.cpp, line 256]
Event: 84.194 Thread 0x000001fd40728300 Exception <a 'java/lang/ClassNotFoundException'{0x0000000089160968}: com/android/build/gradle/internal/dsl/PackagingOptions$AgpDecoratedBeanInfo> (0x0000000089160968) 
thrown [s\open\src\hotspot\share\classfile\systemDictionary.cpp, line 256]
Event: 84.196 Thread 0x000001fd40728300 Exception <a 'java/lang/ClassNotFoundException'{0x000000008916f288}: com/android/build/gradle/internal/dsl/PackagingOptionsBeanInfo> (0x000000008916f288) 
thrown [s\open\src\hotspot\share\classfile\systemDictionary.cpp, line 256]
Event: 84.196 Thread 0x000001fd40728300 Exception <a 'java/lang/ClassNotFoundException'{0x000000008917dc18}: com/android/build/gradle/internal/dsl/PackagingOptionsCustomizer> (0x000000008917dc18) 
thrown [s\open\src\hotspot\share\classfile\systemDictionary.cpp, line 256]
Event: 84.198 Thread 0x000001fd40728300 Exception <a 'java/lang/ClassNotFoundException'{0x0000000089195da0}: com/android/build/gradle/internal/dsl/PackagingOptions$AgpDecoratedCustomizer> (0x0000000089195da0) 
thrown [s\open\src\hotspot\share\classfile\systemDictionary.cpp, line 256]
Event: 84.199 Thread 0x000001fd40728300 Exception <a 'java/lang/ClassNotFoundException'{0x00000000891bb338}: com/android/build/gradle/internal/dsl/PackagingOptions$AgpDecorated_DecoratedCustomizer> (0x00000000891bb338) 
thrown [s\open\src\hotspot\share\classfile\systemDictionary.cpp, line 256]
Event: 84.215 Thread 0x000001fd40728300 Exception <a 'java/lang/ClassNotFoundException'{0x000000008a329878}: org/jetbrains/kotlin/gradle/plugin/sources/DefaultKotlinSourceSetBeanInfo> (0x000000008a329878) 
thrown [s\open\src\hotspot\share\classfile\systemDictionary.cpp, line 256]
Event: 84.216 Thread 0x000001fd40728300 Exception <a 'java/lang/ClassNotFoundException'{0x000000008a33c220}: org/jetbrains/kotlin/gradle/plugin/sources/DefaultKotlinSourceSetCustomizer> (0x000000008a33c220) 
thrown [s\open\src\hotspot\share\classfile\systemDictionary.cpp, line 256]
Event: 84.551 Thread 0x000001fd40728300 Exception <a 'java/lang/ClassNotFoundException'{0x0000000089f8dea8}: com/android/build/gradle/internal/api/ReadOnlyBuildTypeBeanInfo> (0x0000000089f8dea8) 
thrown [s\open\src\hotspot\share\classfile\systemDictionary.cpp, line 256]
Event: 84.552 Thread 0x000001fd40728300 Exception <a 'java/lang/ClassNotFoundException'{0x0000000089f9ac10}: com/android/build/gradle/internal/api/ReadOnlyBaseConfigBeanInfo> (0x0000000089f9ac10) 
thrown [s\open\src\hotspot\share\classfile\systemDictionary.cpp, line 256]
Event: 84.553 Thread 0x000001fd40728300 Exception <a 'java/lang/ClassNotFoundException'{0x0000000089fa7998}: com/android/build/gradle/internal/api/ReadOnlyBaseConfigCustomizer> (0x0000000089fa7998) 
thrown [s\open\src\hotspot\share\classfile\systemDictionary.cpp, line 256]
Event: 84.554 Thread 0x000001fd40728300 Exception <a 'java/lang/ClassNotFoundException'{0x0000000089fc54f0}: com/android/build/gradle/internal/api/ReadOnlyBuildTypeCustomizer> (0x0000000089fc54f0) 
thrown [s\open\src\hotspot\share\classfile\systemDictionary.cpp, line 256]
Event: 84.734 Thread 0x000001fd40728300 Exception <a 'java/lang/NoClassDefFoundError'{0x0000000089d86748}: org/jetbrains/kotlin/gradle/plugin/KotlinBasePluginWrapper> (0x0000000089d86748) 
thrown [s\open\src\hotspot\share\oops\constantPool.cpp, line 835]
Event: 85.335 Thread 0x000001fd40728300 Exception <a 'java/lang/ClassNotFoundException'{0x00000000899a40d0}: build_6du8e509uxhdt36x546dh43uwBeanInfo> (0x00000000899a40d0) 
thrown [s\open\src\hotspot\share\classfile\systemDictionary.cpp, line 256]
Event: 85.335 Thread 0x000001fd40728300 Exception <a 'java/lang/ClassNotFoundException'{0x00000000899aa920}: build_6du8e509uxhdt36x546dh43uwCustomizer> (0x00000000899aa920) 
thrown [s\open\src\hotspot\share\classfile\systemDictionary.cpp, line 256]
Event: 85.353 Thread 0x000001fd40728300 Exception <a 'java/lang/ClassNotFoundException'{0x000000008980c600}: build_6du8e509uxhdt36x546dh43uw$_run_closure1BeanInfo> (0x000000008980c600) 
thrown [s\open\src\hotspot\share\classfile\systemDictionary.cpp, line 256]
Event: 85.353 Thread 0x000001fd40728300 Exception <a 'java/lang/ClassNotFoundException'{0x0000000089813558}: build_6du8e509uxhdt36x546dh43uw$_run_closure1Customizer> (0x0000000089813558) 
thrown [s\open\src\hotspot\share\classfile\systemDictionary.cpp, line 256]
Event: 86.302 Thread 0x000001fd40728300 Exception <a 'java/lang/ClassNotFoundException'{0x00000000898cf0c0}: build_6du8e509uxhdt36x546dh43uwBeanInfo> (0x00000000898cf0c0) 
thrown [s\open\src\hotspot\share\classfile\systemDictionary.cpp, line 256]
Event: 86.302 Thread 0x000001fd40728300 Exception <a 'java/lang/ClassNotFoundException'{0x00000000898d58b0}: build_6du8e509uxhdt36x546dh43uwCustomizer> (0x00000000898d58b0) 
thrown [s\open\src\hotspot\share\classfile\systemDictionary.cpp, line 256]

VM Operations (20 events):
Event: 81.124 Executing VM operation: G1CollectForAllocation done
Event: 81.917 Executing VM operation: ICBufferFull
Event: 81.918 Executing VM operation: ICBufferFull done
Event: 82.897 Executing VM operation: G1CollectForAllocation
Event: 82.904 Executing VM operation: G1CollectForAllocation done
Event: 84.015 Executing VM operation: HandshakeAllThreads
Event: 84.015 Executing VM operation: HandshakeAllThreads done
Event: 84.015 Executing VM operation: Cleanup
Event: 84.020 Executing VM operation: Cleanup done
Event: 84.205 Executing VM operation: G1CollectForAllocation
Event: 84.212 Executing VM operation: G1CollectForAllocation done
Event: 85.222 Executing VM operation: Cleanup
Event: 85.222 Executing VM operation: Cleanup done
Event: 85.651 Executing VM operation: G1CollectForAllocation
Event: 85.657 Executing VM operation: G1CollectForAllocation done
Event: 86.514 Executing VM operation: G1CollectForAllocation
Event: 86.521 Executing VM operation: G1CollectForAllocation done
Event: 86.855 Executing VM operation: G1CollectForAllocation
Event: 86.858 Executing VM operation: G1CollectForAllocation done
Event: 87.081 Executing VM operation: G1Concurrent

Events (20 events):
Event: 81.790 loading class java/util/Collections$ReverseComparator2
Event: 81.790 loading class java/util/Collections$ReverseComparator2 done
Event: 81.852 Thread 0x000001fd430c0680 Thread added: 0x000001fd430c0680
Event: 82.804 Thread 0x000001fd430c0680 Thread exited: 0x000001fd430c0680
Event: 84.016 Thread 0x000001fd1f134240 flushing nmethod 0x000001fd10789a90
Event: 84.016 Thread 0x000001fd1f134240 flushing nmethod 0x000001fd1078a910
Event: 84.020 Thread 0x000001fd1f134240 flushing nmethod 0x000001fd08d44d10
Event: 84.027 Thread 0x000001fd1f134240 flushing nmethod 0x000001fd0959e710
Event: 84.056 loading class jdk/internal/access/foreign/MemorySegmentProxy
Event: 84.056 loading class jdk/internal/access/foreign/MemorySegmentProxy done
Event: 84.107 loading class java/lang/BooleanBeanInfo
Event: 84.107 loading class java/lang/BooleanBeanInfo done
Event: 84.108 loading class java/lang/BooleanBeanInfo
Event: 84.108 loading class java/lang/BooleanBeanInfo done
Event: 84.108 loading class java/lang/BooleanCustomizer
Event: 84.108 loading class java/lang/BooleanCustomizer done
Event: 84.108 loading class java/lang/BooleanCustomizer
Event: 84.108 loading class java/lang/BooleanCustomizer done
Event: 84.108 loading class jdk/internal/ValueBased
Event: 84.108 loading class jdk/internal/ValueBased done


Dynamic libraries:
0x00007ff6f9660000 - 0x00007ff6f9670000 	C:\Program Files\Java\jdk-17\bin\java.exe
0x00007ffeb41f0000 - 0x00007ffeb43e7000 	C:\Windows\SYSTEM32\ntdll.dll
0x00007ffeb3530000 - 0x00007ffeb35ed000 	C:\Windows\System32\KERNEL32.DLL
0x00007ffeb1f00000 - 0x00007ffeb21f6000 	C:\Windows\System32\KERNELBASE.dll
0x00007ffeb1a90000 - 0x00007ffeb1b90000 	C:\Windows\System32\ucrtbase.dll
0x00007ffead0a0000 - 0x00007ffead0b9000 	C:\Program Files\Java\jdk-17\bin\jli.dll
0x00007ffe94ed0000 - 0x00007ffe94eeb000 	C:\Program Files\Java\jdk-17\bin\VCRUNTIME140.dll
0x00007ffeb2e50000 - 0x00007ffeb2efe000 	C:\Windows\System32\ADVAPI32.dll
0x00007ffeb3660000 - 0x00007ffeb36fe000 	C:\Windows\System32\msvcrt.dll
0x00007ffeb3730000 - 0x00007ffeb37cc000 	C:\Windows\System32\sechost.dll
0x00007ffeb2710000 - 0x00007ffeb2836000 	C:\Windows\System32\RPCRT4.dll
0x00007ffeb2cb0000 - 0x00007ffeb2e4e000 	C:\Windows\System32\USER32.dll
0x00007ffe9faf0000 - 0x00007ffe9fd8a000 	C:\Windows\WinSxS\amd64_microsoft.windows.common-controls_6595b64144ccf1df_6.0.19041.3570_none_60bb2a3971f3e41a\COMCTL32.dll
0x00007ffeb1cd0000 - 0x00007ffeb1cf2000 	C:\Windows\System32\win32u.dll
0x00007ffeb3700000 - 0x00007ffeb372c000 	C:\Windows\System32\GDI32.dll
0x00007ffeb18d0000 - 0x00007ffeb19ea000 	C:\Windows\System32\gdi32full.dll
0x00007ffeb1e60000 - 0x00007ffeb1efd000 	C:\Windows\System32\msvcp_win.dll
0x00007ffea2840000 - 0x00007ffea284a000 	C:\Windows\SYSTEM32\VERSION.dll
0x00007ffeb2ba0000 - 0x00007ffeb2bd0000 	C:\Windows\System32\IMM32.DLL
0x00007ffead090000 - 0x00007ffead09c000 	C:\Program Files\Java\jdk-17\bin\vcruntime140_1.dll
0x00007ffe722f0000 - 0x00007ffe7237e000 	C:\Program Files\Java\jdk-17\bin\msvcp140.dll
0x00007ffe3c250000 - 0x00007ffe3ce2e000 	C:\Program Files\Java\jdk-17\bin\server\jvm.dll
0x00007ffeb2f00000 - 0x00007ffeb2f08000 	C:\Windows\System32\PSAPI.DLL
0x00007ffe94ec0000 - 0x00007ffe94ec9000 	C:\Windows\SYSTEM32\WSOCK32.dll
0x00007ffeb35f0000 - 0x00007ffeb365b000 	C:\Windows\System32\WS2_32.dll
0x00007ffe9d310000 - 0x00007ffe9d337000 	C:\Windows\SYSTEM32\WINMM.dll
0x00007ffeaf750000 - 0x00007ffeaf762000 	C:\Windows\SYSTEM32\kernel.appcore.dll
0x00007ffe94eb0000 - 0x00007ffe94eba000 	C:\Program Files\Java\jdk-17\bin\jimage.dll
0x00007ffeab140000 - 0x00007ffeab324000 	C:\Windows\SYSTEM32\DBGHELP.DLL
0x00007ffeaaf30000 - 0x00007ffeaaf64000 	C:\Windows\SYSTEM32\dbgcore.DLL
0x00007ffeb1c40000 - 0x00007ffeb1cc2000 	C:\Windows\System32\bcryptPrimitives.dll
0x00007ffe722c0000 - 0x00007ffe722e5000 	C:\Program Files\Java\jdk-17\bin\java.dll
0x00007ffe58d10000 - 0x00007ffe58de7000 	C:\Program Files\Java\jdk-17\bin\jsvml.dll
0x00007ffeb3a60000 - 0x00007ffeb41a4000 	C:\Windows\System32\SHELL32.dll
0x00007ffeaf950000 - 0x00007ffeb00eb000 	C:\Windows\SYSTEM32\windows.storage.dll
0x00007ffeb2840000 - 0x00007ffeb2b94000 	C:\Windows\System32\combase.dll
0x00007ffeb1160000 - 0x00007ffeb118d000 	C:\Windows\SYSTEM32\Wldp.dll
0x00007ffeb3480000 - 0x00007ffeb352d000 	C:\Windows\System32\SHCORE.dll
0x00007ffeb37d0000 - 0x00007ffeb3825000 	C:\Windows\System32\shlwapi.dll
0x00007ffeb1800000 - 0x00007ffeb1825000 	C:\Windows\SYSTEM32\profapi.dll
0x00007ffe722a0000 - 0x00007ffe722b9000 	C:\Program Files\Java\jdk-17\bin\net.dll
0x00007ffea7270000 - 0x00007ffea737a000 	C:\Windows\SYSTEM32\WINHTTP.dll
0x00007ffeb0f40000 - 0x00007ffeb0faa000 	C:\Windows\system32\mswsock.dll
0x00007ffe72280000 - 0x00007ffe72296000 	C:\Program Files\Java\jdk-17\bin\nio.dll
0x00007ffe72260000 - 0x00007ffe72278000 	C:\Program Files\Java\jdk-17\bin\zip.dll
0x00007ffe94ea0000 - 0x00007ffe94eb0000 	C:\Program Files\Java\jdk-17\bin\verify.dll
0x00007ffe8a120000 - 0x00007ffe8a147000 	C:\Users\NLab\.gradle\native\68d5fa5c4cc2d200863cafc0d521ce42e7d3e7ee720ec0a83991735586a16f82\windows-amd64\native-platform.dll
0x00007ffe5e0a0000 - 0x00007ffe5e1e4000 	C:\Users\NLab\.gradle\native\e376f236ea51e6404a007f0833ffe2c6e607c4080706a723a18a27aeea778392\windows-amd64\native-platform-file-events.dll
0x00007ffe90d00000 - 0x00007ffe90d0a000 	C:\Program Files\Java\jdk-17\bin\management.dll
0x00007ffe90c60000 - 0x00007ffe90c6b000 	C:\Program Files\Java\jdk-17\bin\management_ext.dll
0x00007ffeb14a0000 - 0x00007ffeb14b8000 	C:\Windows\SYSTEM32\CRYPTSP.dll
0x00007ffeb0870000 - 0x00007ffeb08a4000 	C:\Windows\system32\rsaenh.dll
0x00007ffeb19f0000 - 0x00007ffeb1a17000 	C:\Windows\System32\bcrypt.dll
0x00007ffeb1780000 - 0x00007ffeb17ae000 	C:\Windows\SYSTEM32\USERENV.dll
0x00007ffeb10d0000 - 0x00007ffeb10dc000 	C:\Windows\SYSTEM32\CRYPTBASE.dll
0x00007ffeb0c50000 - 0x00007ffeb0c8b000 	C:\Windows\SYSTEM32\IPHLPAPI.DLL
0x00007ffeb2650000 - 0x00007ffeb2658000 	C:\Windows\System32\NSI.dll
0x00007ffea9380000 - 0x00007ffea9397000 	C:\Windows\SYSTEM32\dhcpcsvc6.DLL
0x00007ffea9410000 - 0x00007ffea942d000 	C:\Windows\SYSTEM32\dhcpcsvc.DLL
0x00007ffeb0c90000 - 0x00007ffeb0d5a000 	C:\Windows\SYSTEM32\DNSAPI.dll
0x00007ffea33a0000 - 0x00007ffea33ae000 	C:\Program Files\Java\jdk-17\bin\sunmscapi.dll
0x00007ffeb1d00000 - 0x00007ffeb1e5d000 	C:\Windows\System32\CRYPT32.dll
0x00007ffeb11d0000 - 0x00007ffeb11f7000 	C:\Windows\SYSTEM32\ncrypt.dll
0x00007ffeb1190000 - 0x00007ffeb11cb000 	C:\Windows\SYSTEM32\NTASN1.dll
0x00007ffe907c0000 - 0x00007ffe907c7000 	C:\Windows\system32\wshunix.dll

dbghelp: loaded successfully - version: 4.0.5 - missing functions: none
symbol engine: initialized successfully - sym options: 0x614 - pdb path: .;C:\Program Files\Java\jdk-17\bin;C:\Windows\SYSTEM32;C:\Windows\WinSxS\amd64_microsoft.windows.common-controls_6595b64144ccf1df_6.0.19041.3570_none_60bb2a3971f3e41a;C:\Program Files\Java\jdk-17\bin\server;C:\Users\NLab\.gradle\native\68d5fa5c4cc2d200863cafc0d521ce42e7d3e7ee720ec0a83991735586a16f82\windows-amd64;C:\Users\NLab\.gradle\native\e376f236ea51e6404a007f0833ffe2c6e607c4080706a723a18a27aeea778392\windows-amd64

VM Arguments:
jvm_args: -XX:MaxMetaspaceSize=512m --add-opens=java.base/java.util=ALL-UNNAMED --add-opens=java.base/java.lang=ALL-UNNAMED --add-opens=java.base/java.lang.invoke=ALL-UNNAMED --add-opens=java.prefs/java.util.prefs=ALL-UNNAMED --add-opens=java.base/java.nio.charset=ALL-UNNAMED --add-opens=java.base/java.net=ALL-UNNAMED --add-opens=java.base/java.util.concurrent.atomic=ALL-UNNAMED -Xmx2048m -Dfile.encoding=x-windows-949 -Duser.country=KR -Duser.language=ko -Duser.variant 
java_command: org.gradle.launcher.daemon.bootstrap.GradleDaemon 8.0.1
java_class_path (initial): C:\Users\NLab\.gradle\wrapper\dists\gradle-8.0.1-all\aro4hu1c3oeioove7l0i4i14o\gradle-8.0.1\lib\gradle-launcher-8.0.1.jar
Launcher Type: SUN_STANDARD

[Global flags]
     intx CICompilerCount                          = 3                                         {product} {ergonomic}
   size_t CompressedClassSpaceSize                 = 436207616                                 {product} {ergonomic}
     uint ConcGCThreads                            = 1                                         {product} {ergonomic}
     uint G1ConcRefinementThreads                  = 4                                         {product} {ergonomic}
   size_t G1HeapRegionSize                         = 1048576                                   {product} {ergonomic}
    uintx GCDrainStackTargetSize                   = 64                                        {product} {ergonomic}
   size_t InitialHeapSize                          = 134217728                                 {product} {ergonomic}
   size_t MarkStackSize                            = 4194304                                   {product} {ergonomic}
   size_t MaxHeapSize                              = 2147483648                                {product} {command line}
   size_t MaxMetaspaceSize                         = 536870912                                 {product} {command line}
   size_t MaxNewSize                               = 1287651328                                {product} {ergonomic}
   size_t MinHeapDeltaBytes                        = 1048576                                   {product} {ergonomic}
   size_t MinHeapSize                              = 8388608                                   {product} {ergonomic}
    uintx NonNMethodCodeHeapSize                   = 5832780                                {pd product} {ergonomic}
    uintx NonProfiledCodeHeapSize                  = 122912730                              {pd product} {ergonomic}
    uintx ProfiledCodeHeapSize                     = 122912730                              {pd product} {ergonomic}
    uintx ReservedCodeCacheSize                    = 251658240                              {pd product} {ergonomic}
     bool SegmentedCodeCache                       = true                                      {product} {ergonomic}
   size_t SoftMaxHeapSize                          = 2147483648                             {manageable} {ergonomic}
     bool UseCompressedClassPointers               = true                           {product lp64_product} {ergonomic}
     bool UseCompressedOops                        = true                           {product lp64_product} {ergonomic}
     bool UseG1GC                                  = true                                      {product} {ergonomic}
     bool UseLargePagesIndividualAllocation        = false                                  {pd product} {ergonomic}

Logging:
Log output configuration:
 #0: stdout all=warning uptime,level,tags
 #1: stderr all=off uptime,level,tags

Environment Variables:
CLASSPATH=C:\Users\NLab\Desktop\cp1\Real-time-attendance-check\android\\gradle\wrapper\gradle-wrapper.jar
PATH=C:\Users\NLab\Desktop\cp1\Real-time-attendance-check\node_modules\.bin;C:\Users\NLab\Desktop\cp1\Real-time-attendance-check\node_modules\.bin;C:\Users\NLab\Desktop\cp1\node_modules\.bin;C:\Users\NLab\Desktop\node_modules\.bin;C:\Users\NLab\node_modules\.bin;C:\Users\node_modules\.bin;C:\node_modules\.bin;C:\Users\NLab\AppData\Roaming\npm\node_modules\npm\node_modules\@npmcli\run-script\lib\node-gyp-bin;C:\Users\NLab\Desktop\cp1\Real-time-attendance-check\node_modules\.bin;C:\Users\NLab\Desktop\cp1\Real-time-attendance-check\node_modules\.bin;C:\Users\NLab\Desktop\cp1\node_modules\.bin;C:\Users\NLab\Desktop\node_modules\.bin;C:\Users\NLab\node_modules\.bin;C:\Users\node_modules\.bin;C:\node_modules\.bin;C:\Users\NLab\AppData\Roaming\npm\node_modules\npm\node_modules\@npmcli\run-script\lib\node-gyp-bin;C:\Program Files\Common Files\Oracle\Java\javapath;C:\Program Files (x86)\VMware\VMware Player\bin\;C:\Windows\system32;C:\Windows;C:\Windows\System32\Wbem;C:\Windows\System32\WindowsPowerShell\v1.0\;C:\Windows\System32\OpenSSH\;C:\Program Files\nodejs\;C:\Users\NLab\AppData\Local\Android\Sdk\platform-tools;%JAVA_HOME%\bin;% ANDROID_HOME%\platform-tools;C:\Users\NLab\AppData\Local\Microsoft\WindowsApps;C:\Users\NLab\AppData\Roaming\npm;%JAVA_HOME%\bin;% ANDROID_HOME%\platform-tools;C:\Users\NLab\AppData\Local\Programs\Microsoft VS Code\bin;C:\Users\NLab\AppData\Local\GitHubDesktop\bin
USERNAME=NLab
LANG=en_US.UTF-8
OS=Windows_NT
PROCESSOR_IDENTIFIER=Intel64 Family 6 Model 94 Stepping 3, GenuineIntel



---------------  S Y S T E M  ---------------

OS:
 Windows 10 , 64 bit Build 19041 (10.0.19041.3570)
OS uptime: 6 days 21:29 hours
Hyper-V role detected

CPU: total 4 (initial active 4) (2 cores per cpu, 2 threads per core) family 6 model 94 stepping 3 microcode 0xcc, cx8, cmov, fxsr, ht, mmx, 3dnowpref, sse, sse2, sse3, ssse3, sse4.1, sse4.2, popcnt, lzcnt, tsc, tscinvbit, avx, avx2, aes, erms, clmul, bmi1, bmi2, adx, fma, vzeroupper, clflush, clflushopt, hv

Memory: 4k page, system-wide physical 8074M (272M free)
TotalPageFile size 17359M (AvailPageFile size 49M)
current process WorkingSet (physical memory assigned to process): 390M, peak: 395M
current process commit charge ("private bytes"): 435M, peak: 503M

vm_info: Java HotSpot(TM) 64-Bit Server VM (17.0.8+9-LTS-211) for windows-amd64 JRE (17.0.8+9-LTS-211), built on Jun 14 2023 10:34:31 by "mach5one" with MS VC++ 17.1 (VS2022)

END.
